
Command Line application started

Log is saved at location C:\Users\achikhaleunder name CommandLine

Inside Class FlagArgumentsClass

Getting all the user input flag and its value

Inside upload

Inside class RunConfigFile

Inside class RunConfigFile, File exist

Inside class RunConfigFile, Geeting info from config file

Inside class GetUserNamePasswordDeviceSNFromFileClass

Inside class GetUserNamePasswordDeviceSNFromFileClass, Get userName from command line input

Inside class GetUserNamePasswordDeviceSNFromFileClass, Get password from command line input

Inside class GetUserNamePasswordDeviceSNFromFileClass, Get device from command line input

Inside class GetUserNamePasswordDeviceSNFromFileClass, Get pump from command line input

Inside class GetUserNamePasswordDeviceSNFromFileClass, Get SN from command line input

Inside class RunConfigFile, Username and Password is not empty

Inside Class CreateSecurePasswordClass, Method createSecretKey

Inside Class CreateSecurePasswordClass, Method decrypt

Inside class RunConfigFile, device and SN number is not empty

Inside class checkConnection

correct Username and Password

Inside Class Simulate mouse and Method Startmagic

Inside Method Startmagic Before Desired Cap

(Inside Method Startmagic) DesiredCap filled 

(Inside Method Startmagic) Checking for IEDriver path 

(Inside Method Startmagic) Running from Jar file 

(Inside Method Startmagic) Setthing IEDriver path from Extracted Jar 

upload section has not fully loaded close IE and try running Java program again
